<?xml version="1.0" encoding="UTF-8"?>
<robot generator="Robot 7.0 (Python 3.12.3 on win32)" generated="2024-11-26T10:20:26.174959" rpa="false" schemaversion="5">
<suite id="s1" name="DATN Auto" source="D:\DATN_Auto">
<suite id="s1-s1" name="Tests" source="D:\DATN_Auto\Tests">
<suite id="s1-s1-s1" name="ShoppingProcess" source="D:\DATN_Auto\Tests\ShoppingProcess.robot">
<test id="s1-s1-s1-t1" name="Update Product Quantity in Cart" line="35">
<kw name="Opening the website" owner="common">
<kw name="Open Browser" owner="SeleniumLibrary">
<msg time="2024-11-26T10:20:26.412323" level="INFO">Opening browser 'chrome' to base url 'http://localhost:3000/'.</msg>
<arg>${url}</arg>
<arg>${browser}</arg>
<doc>Opens a new browser instance to the optional ``url``.</doc>
<status status="PASS" start="2024-11-26T10:20:26.411326" elapsed="3.605560"/>
</kw>
<kw name="Maximize Browser Window" owner="SeleniumLibrary">
<doc>Maximizes current browser window.</doc>
<status status="PASS" start="2024-11-26T10:20:30.016886" elapsed="0.034893"/>
</kw>
<kw name="Wait Until Element Is Visible" owner="SeleniumLibrary">
<arg>${LoginLink}</arg>
<doc>Waits until the element ``locator`` is visible.</doc>
<status status="PASS" start="2024-11-26T10:20:30.051779" elapsed="0.467697"/>
</kw>
<arg>${url}</arg>
<arg>${browser}</arg>
<status status="PASS" start="2024-11-26T10:20:26.410329" elapsed="4.109147"/>
</kw>
<kw name="User Login" owner="common">
<kw name="Click Element" owner="SeleniumLibrary">
<msg time="2024-11-26T10:20:30.523467" level="INFO">Clicking element '//*[@id='root']/div/div[1]/div/div[1]/div[2]/div/a[1]'.</msg>
<arg>${LoginLink}</arg>
<doc>Click the element identified by ``locator``.</doc>
<status status="PASS" start="2024-11-26T10:20:30.522470" elapsed="0.870636"/>
</kw>
<kw name="Input Text" owner="SeleniumLibrary">
<msg time="2024-11-26T10:20:31.394103" level="INFO">Typing text 'tungsten121' into text field '//input[@id=':r399:']'.</msg>
<arg>${LoginUsernameInputBox}</arg>
<arg>${Username}</arg>
<doc>Types the given ``text`` into the text field identified by ``locator``.</doc>
<status status="PASS" start="2024-11-26T10:20:31.394103" elapsed="0.107711"/>
</kw>
<kw name="Input Text" owner="SeleniumLibrary">
<msg time="2024-11-26T10:20:31.502812" level="INFO">Typing text '123456' into text field '//input[@id=':r39b:']'.</msg>
<arg>${LoginPasswordInputBox}</arg>
<arg>${Password}</arg>
<doc>Types the given ``text`` into the text field identified by ``locator``.</doc>
<status status="PASS" start="2024-11-26T10:20:31.501814" elapsed="0.098287"/>
</kw>
<kw name="Click Element" owner="SeleniumLibrary">
<msg time="2024-11-26T10:20:31.601091" level="INFO">Clicking element '//button[@id=':r39d:']'.</msg>
<arg>${LoginButton}</arg>
<doc>Click the element identified by ``locator``.</doc>
<status status="PASS" start="2024-11-26T10:20:31.600101" elapsed="0.063078"/>
</kw>
<status status="PASS" start="2024-11-26T10:20:30.520493" elapsed="1.142686"/>
</kw>
<kw name="Verify user is at main page" owner="homePage">
<kw name="Wait Until Page Contains" owner="SeleniumLibrary">
<arg>Deal ngon giá rẻ quá</arg>
<doc>Waits until ``text`` appears on the current page.</doc>
<status status="PASS" start="2024-11-26T10:20:31.664176" elapsed="0.813825"/>
</kw>
<kw name="Wait Until Page Does Not Contain" owner="SeleniumLibrary">
<arg>Đăng nhập thành công</arg>
<doc>Waits until ``text`` disappears from the current page.</doc>
<status status="PASS" start="2024-11-26T10:20:32.478001" elapsed="2.797680"/>
</kw>
<status status="PASS" start="2024-11-26T10:20:31.663179" elapsed="3.612502"/>
</kw>
<kw name="Go to cart" owner="productDetail">
<kw name="Wait Until Page Does Not Contain" owner="SeleniumLibrary">
<arg>Thêm sản phẩm vào giỏ hàng thành công</arg>
<doc>Waits until ``text`` disappears from the current page.</doc>
<status status="PASS" start="2024-11-26T10:20:35.277666" elapsed="0.021575"/>
</kw>
<kw name="Mouse Over" owner="SeleniumLibrary">
<msg time="2024-11-26T10:20:35.299241" level="INFO">Simulating Mouse Over on element '//*[@id='root']/div/div[1]/div/div[2]/div[2]/a/span/span'.</msg>
<arg>${CartIcon}</arg>
<doc>Simulates hovering the mouse over the element ``locator``.</doc>
<status status="PASS" start="2024-11-26T10:20:35.299241" elapsed="0.286774"/>
</kw>
<kw name="Sleep" owner="BuiltIn">
<msg time="2024-11-26T10:20:36.586300" level="INFO">Slept 1 second.</msg>
<arg>1s</arg>
<doc>Pauses the test executed for the given time.</doc>
<status status="PASS" start="2024-11-26T10:20:35.586015" elapsed="1.000285"/>
</kw>
<kw name="Click Element" owner="SeleniumLibrary">
<msg time="2024-11-26T10:20:36.587302" level="INFO">Clicking element '//*[@id='root']/div/div[1]/div/div[2]/div[2]/div/div[2]/a/button'.</msg>
<arg>${SeeCartButton}</arg>
<doc>Click the element identified by ``locator``.</doc>
<status status="PASS" start="2024-11-26T10:20:36.586300" elapsed="0.128116"/>
</kw>
<status status="PASS" start="2024-11-26T10:20:35.276702" elapsed="1.437714"/>
</kw>
<kw name="Increase quantity" owner="cartPage">
<kw name="Click Element" owner="SeleniumLibrary">
<msg time="2024-11-26T10:20:36.716414" level="INFO">Clicking element '//*[@id='root']/div/div[1]/div/div[2]/div[1]/div/div'.</msg>
<arg>${SearchBar}</arg>
<doc>Click the element identified by ``locator``.</doc>
<status status="PASS" start="2024-11-26T10:20:36.715412" elapsed="0.182511"/>
</kw>
<kw name="Sleep" owner="BuiltIn">
<msg time="2024-11-26T10:20:37.899442" level="INFO">Slept 1 second.</msg>
<arg>1s</arg>
<doc>Pauses the test executed for the given time.</doc>
<status status="PASS" start="2024-11-26T10:20:36.898920" elapsed="1.000522"/>
</kw>
<kw name="Get Text" owner="SeleniumLibrary">
<msg time="2024-11-26T10:20:37.921385" level="INFO">${initial_quantity} = 1</msg>
<var>${initial_quantity}</var>
<arg>${QuantityValue}</arg>
<doc>Returns the text value of the element identified by ``locator``.</doc>
<status status="PASS" start="2024-11-26T10:20:37.899442" elapsed="0.021943"/>
</kw>
<kw name="Log" owner="BuiltIn">
<msg time="2024-11-26T10:20:37.922383" level="INFO">Initial quantity: 1</msg>
<arg>Initial quantity: ${initial_quantity}</arg>
<doc>Logs the given message with the given level.</doc>
<status status="PASS" start="2024-11-26T10:20:37.921385" elapsed="0.000998"/>
</kw>
<kw name="Click Button" owner="SeleniumLibrary">
<msg time="2024-11-26T10:20:37.922383" level="INFO">Clicking button '//button[@class='MuiButtonBase-root MuiButton-root MuiButton-outlined MuiButton-outlinedPrimary MuiButton-sizeSmall MuiButton-outlinedSizeSmall MuiButtonGroup-grouped MuiButtonGroup-groupedHorizontal MuiButtonGroup-groupedOutlined MuiButtonGroup-groupedOutlinedHorizontal MuiButtonGroup-groupedOutlinedPrimary MuiButton-root MuiButton-outlined MuiButton-outlinedPrimary MuiButton-sizeSmall MuiButton-outlinedSizeSmall MuiButtonGroup-grouped MuiButtonGroup-groupedHorizontal MuiButtonGroup-groupedOutlined MuiButtonGroup-groupedOutlinedHorizontal MuiButtonGroup-groupedOutlinedPrimary css-1ud4bu9-MuiButtonBase-root-MuiButton-root']'.</msg>
<arg>${IncreaseQuantityButton}</arg>
<doc>Clicks the button identified by ``locator``.</doc>
<status status="PASS" start="2024-11-26T10:20:37.922383" elapsed="0.103733"/>
</kw>
<kw name="Evaluate" owner="BuiltIn">
<msg time="2024-11-26T10:20:38.028103" level="INFO">${expected_quantity} = 2</msg>
<var>${expected_quantity}</var>
<arg>int(${initial_quantity}) + 1</arg>
<doc>Evaluates the given expression in Python and returns the result.</doc>
<status status="PASS" start="2024-11-26T10:20:38.026116" elapsed="0.001987"/>
</kw>
<kw name="Log" owner="BuiltIn">
<msg time="2024-11-26T10:20:38.029097" level="INFO">Expected quantity: 2</msg>
<arg>Expected quantity: ${expected_quantity}</arg>
<doc>Logs the given message with the given level.</doc>
<status status="PASS" start="2024-11-26T10:20:38.029097" elapsed="0.000000"/>
</kw>
<kw name="Get Text" owner="SeleniumLibrary">
<msg time="2024-11-26T10:20:38.050040" level="INFO">${updated_quantity} = 2</msg>
<var>${updated_quantity}</var>
<arg>${QuantityValue}</arg>
<doc>Returns the text value of the element identified by ``locator``.</doc>
<status status="PASS" start="2024-11-26T10:20:38.029097" elapsed="0.020943"/>
</kw>
<kw name="Wait Until Keyword Succeeds" owner="BuiltIn">
<kw name="Verify Quantity Updated" owner="cartPage">
<kw name="Log" owner="BuiltIn">
<msg time="2024-11-26T10:20:38.051038" level="INFO">Verifying updated quantity: 2 == 2</msg>
<arg>Verifying updated quantity: ${updated_quantity} == ${expected_quantity}</arg>
<doc>Logs the given message with the given level.</doc>
<status status="PASS" start="2024-11-26T10:20:38.051038" elapsed="0.000000"/>
</kw>
<kw name="Should Be Equal As Numbers" owner="BuiltIn">
<msg time="2024-11-26T10:20:38.052035" level="INFO">Argument types are:
&lt;class 'str'&gt;
&lt;class 'int'&gt;</msg>
<arg>${updated_quantity}</arg>
<arg>${expected_quantity}</arg>
<arg>Quantity update failed: expected ${expected_quantity} but got ${updated_quantity}.</arg>
<doc>Fails if objects are unequal after converting them to real numbers.</doc>
<status status="PASS" start="2024-11-26T10:20:38.052035" elapsed="0.000997"/>
</kw>
<arg>${updated_quantity}</arg>
<arg>${expected_quantity}</arg>
<status status="PASS" start="2024-11-26T10:20:38.051038" elapsed="0.001994"/>
</kw>
<arg>5s</arg>
<arg>1s</arg>
<arg>Verify Quantity Updated</arg>
<arg>${updated_quantity}</arg>
<arg>${expected_quantity}</arg>
<doc>Runs the specified keyword and retries if it fails.</doc>
<status status="PASS" start="2024-11-26T10:20:38.050040" elapsed="0.002992"/>
</kw>
<status status="PASS" start="2024-11-26T10:20:36.715412" elapsed="1.338623"/>
</kw>
<kw name="Sleep" owner="BuiltIn">
<msg time="2024-11-26T10:20:41.055918" level="INFO">Slept 3 seconds.</msg>
<arg>3s</arg>
<doc>Pauses the test executed for the given time.</doc>
<status status="PASS" start="2024-11-26T10:20:38.054035" elapsed="3.001883"/>
</kw>
<kw name="Close Browser" owner="SeleniumLibrary">
<doc>Closes the current browser.</doc>
<status status="PASS" start="2024-11-26T10:20:41.056877" elapsed="2.126946"/>
</kw>
<status status="PASS" start="2024-11-26T10:20:26.410329" elapsed="16.775481"/>
</test>
<status status="PASS" start="2024-11-26T10:20:26.205875" elapsed="16.980932"/>
</suite>
<status status="PASS" start="2024-11-26T10:20:26.203881" elapsed="16.983924"/>
</suite>
<status status="PASS" start="2024-11-26T10:20:26.179945" elapsed="17.008858"/>
</suite>
<statistics>
<total>
<stat pass="1" fail="0" skip="0">All Tests</stat>
</total>
<tag>
</tag>
<suite>
<stat pass="1" fail="0" skip="0" id="s1" name="DATN Auto">DATN Auto</stat>
<stat pass="1" fail="0" skip="0" id="s1-s1" name="Tests">DATN Auto.Tests</stat>
<stat pass="1" fail="0" skip="0" id="s1-s1-s1" name="ShoppingProcess">DATN Auto.Tests.ShoppingProcess</stat>
</suite>
</statistics>
<errors>
</errors>
</robot>
